<?xml version="1.0" encoding="UTF-8"?>
<robot generator="Robot 6.1.1 (Python 3.12.0 on win32)" generated="20240103 17:14:19.938" rpa="false" schemaversion="4">
<suite id="s1" name="Smart Retail Staging" source="c:\Robot_Test_Smoke_Water\tests\smart_retail_staging.robot">
<test id="s1-t1" name="Acessar a home page do site Grouplinknetwork Smart Retail &quot;STAGING&quot;" line="12">
<kw name="Abrir o navegador" library="smart_retail_staging">
<kw name="New Browser" library="Browser">
<arg>browser=${BROWSER}</arg>
<arg>headless=${HEADLESS}</arg>
<tag>BrowserControl</tag>
<tag>Setter</tag>
<doc>Create a new playwright Browser with specified options.</doc>
<msg timestamp="20240103 17:14:20.986" level="INFO">{"browser": "chromium", "headless": false, "chromiumSandbox": false, "devtools": false, "handleSIGHUP": true, "handleSIGINT": true, "handleSIGTERM": true, "slowMo": 0.0, "timeout": 30000.0, "tracesDir": "C:\\Robot_Test_Smoke_Water\\browser\\traces\\6ca5a8aa-c3b4-4ebe-90e3-0cabb88f22cc"}</msg>
<msg timestamp="20240103 17:14:21.357" level="INFO">Successfully created browser with options: {"browser":"chromium","headless":false,"chromiumSandbox":false,"devtools":false,"handleSIGHUP":true,"handleSIGINT":true,"handleSIGTERM":true,"slowMo":0,"timeout":30000,"tracesDir":"C:\\Robot_Test_Smoke_Water\\browser\\traces\\6ca5a8aa-c3b4-4ebe-90e3-0cabb88f22cc"}</msg>
<status status="PASS" starttime="20240103 17:14:20.967" endtime="20240103 17:14:21.357"/>
</kw>
<kw name="Uuid 4" library="FakerLibrary">
<var>${TRACE_NAME}</var>
<doc>Generate a random UUID4 object and cast it to another type if specified using a callable ``cast_to``.</doc>
<msg timestamp="20240103 17:14:21.357" level="INFO">${TRACE_NAME} = 8b1d42ab-cd60-41af-86fe-6718a5312ed3</msg>
<status status="PASS" starttime="20240103 17:14:21.357" endtime="20240103 17:14:21.357"/>
</kw>
<kw name="Get Current Date" library="DateTime">
<var>${NOW}</var>
<arg>result_format=%d-%m-%y_%H%m%S</arg>
<doc>Returns current local or UTC time with an optional increment.</doc>
<msg timestamp="20240103 17:14:21.357" level="INFO">${NOW} = 03-01-24_170121</msg>
<status status="PASS" starttime="20240103 17:14:21.357" endtime="20240103 17:14:21.357"/>
</kw>
<kw name="New Context" library="Browser">
<arg>viewport={'width': 1345, 'height': 610}</arg>
<arg>tracing=${OUTPUT_DIR}/evidencies/traces/${NOW}/${TRACE_NAME}.zip</arg>
<tag>BrowserControl</tag>
<tag>Setter</tag>
<doc>Create a new BrowserContext with specified options.</doc>
<msg timestamp="20240103 17:14:21.368" level="INFO">{
  "acceptDownloads": true,
  "bypassCSP": false,
  "forcedColors": "none",
  "ignoreHTTPSErrors": false,
  "javaScriptEnabled": true,
  "offline": false,
  "reducedMotion": "no-preference",
  "serviceWorkers": "allow",
  "tracing": "C:\\Robot_Test_Smoke_Water/evidencies/traces/03-01-24_170121/8b1d42ab-cd60-41af-86fe-6718a5312ed3.zip",
  "viewport": {
    "height": 610,
    "width": 1345
  }
}</msg>
<msg timestamp="20240103 17:14:21.385" level="INFO">Successfully created context and trace file will be saved to: C:\Robot_Test_Smoke_Water\evidencies\traces\03-01-24_170121\8b1d42ab-cd60-41af-86fe-6718a5312ed3.zip</msg>
<msg timestamp="20240103 17:14:21.385" level="INFO">{'acceptDownloads': True, 'bypassCSP': False, 'forcedColors': 'none', 'ignoreHTTPSErrors': False, 'javaScriptEnabled': True, 'offline': False, 'reducedMotion': 'no-preference', 'serviceWorkers': 'allow', 'tracing': 'C:\\Robot_Test_Smoke_Water/evidencies/traces/03-01-24_170121/8b1d42ab-cd60-41af-86fe-6718a5312ed3.zip', 'viewport': {'height': 610, 'width': 1345}, 'trace': {'screenshots': True, 'snapshots': True}}</msg>
<status status="PASS" starttime="20240103 17:14:21.357" endtime="20240103 17:14:21.385"/>
</kw>
<status status="PASS" starttime="20240103 17:14:20.967" endtime="20240103 17:14:21.385"/>
</kw>
<kw name="Ir para o site dashboard group link network" library="smart_retail_staging">
<kw name="Set Browser Timeout" library="Browser">
<var>${old_timeout}</var>
<arg>1m 30 seconds</arg>
<tag>Config</tag>
<tag>Setter</tag>
<doc>Sets the timeout used by most input and getter keywords.</doc>
<msg timestamp="20240103 17:14:21.420" level="INFO">Set timeout to: 90000</msg>
<msg timestamp="20240103 17:14:21.420" level="INFO">${old_timeout} = 10 seconds</msg>
<status status="PASS" starttime="20240103 17:14:21.400" endtime="20240103 17:14:21.420"/>
</kw>
<kw name="New Page" library="Browser">
<arg>url=${SITE_DASHBOARD_STAGING}</arg>
<tag>BrowserControl</tag>
<tag>Setter</tag>
<doc>Open a new Page.</doc>
<msg timestamp="20240103 17:14:23.520" level="INFO">Successfully initialized new page object and opened url: https://dashboard-s.grouplinknetwork.com/login</msg>
<status status="PASS" starttime="20240103 17:14:21.420" endtime="20240103 17:14:23.520"/>
</kw>
<kw name="Set Browser Timeout" library="Browser">
<arg>${old_timeout}</arg>
<tag>Config</tag>
<tag>Setter</tag>
<doc>Sets the timeout used by most input and getter keywords.</doc>
<msg timestamp="20240103 17:14:23.559" level="INFO">Set timeout to: 10000</msg>
<status status="PASS" starttime="20240103 17:14:23.520" endtime="20240103 17:14:23.561"/>
</kw>
<status status="PASS" starttime="20240103 17:14:21.385" endtime="20240103 17:14:23.561"/>
</kw>
<kw name="Clicar no &quot;accept cookies policy&quot;" library="smart_retail_staging">
<kw name="Click" library="Browser">
<arg>selector=${Get Cookies}</arg>
<tag>PageContent</tag>
<tag>Setter</tag>
<doc>Simulates mouse click on the element found by ``selector``.</doc>
<msg timestamp="20240103 17:14:23.676" level="INFO">Highlighted 1 elements for 2000.</msg>
<status status="PASS" starttime="20240103 17:14:23.561" endtime="20240103 17:14:25.752"/>
</kw>
<status status="PASS" starttime="20240103 17:14:23.561" endtime="20240103 17:14:25.752"/>
</kw>
<kw name="Digitar o &quot;Email&quot; no campo Type your email" library="smart_retail_staging">
<kw name="Fill Text" library="Browser">
<arg>css=input[type="email"]</arg>
<arg>txt=qa.smart@grouplinknetwork.com</arg>
<tag>PageContent</tag>
<tag>Setter</tag>
<doc>Clears and fills the given ``txt`` into the text field found by ``selector``.</doc>
<msg timestamp="20240103 17:14:25.774" level="INFO">Fills the text 'qa.smart@grouplinknetwork.com' in the given field.</msg>
<msg timestamp="20240103 17:14:25.816" level="INFO">Highlighted 1 elements for 2000.</msg>
<status status="PASS" starttime="20240103 17:14:25.752" endtime="20240103 17:14:27.859"/>
</kw>
<status status="PASS" starttime="20240103 17:14:25.752" endtime="20240103 17:14:27.859"/>
</kw>
<kw name="Digitar o &quot;Password&quot; no campo Type your passoword" library="smart_retail_staging">
<kw name="Fill Text" library="Browser">
<arg>css=input[type="password"]</arg>
<arg>txt=fzveqtsdkukz</arg>
<tag>PageContent</tag>
<tag>Setter</tag>
<doc>Clears and fills the given ``txt`` into the text field found by ``selector``.</doc>
<msg timestamp="20240103 17:14:27.877" level="INFO">Fills the text 'fzveqtsdkukz' in the given field.</msg>
<msg timestamp="20240103 17:14:27.914" level="INFO">Highlighted 1 elements for 2000.</msg>
<status status="PASS" starttime="20240103 17:14:27.868" endtime="20240103 17:14:29.958"/>
</kw>
<status status="PASS" starttime="20240103 17:14:27.867" endtime="20240103 17:14:29.958"/>
</kw>
<kw name="Clicar no botão de &quot;log in&quot;" library="smart_retail_staging">
<kw name="Click" library="Browser">
<arg>selector=//button[contains(.,'log in')]</arg>
<tag>PageContent</tag>
<tag>Setter</tag>
<doc>Simulates mouse click on the element found by ``selector``.</doc>
<msg timestamp="20240103 17:14:30.017" level="INFO">Highlighted 1 elements for 2000.</msg>
<status status="PASS" starttime="20240103 17:14:29.958" endtime="20240103 17:14:32.080"/>
</kw>
<status status="PASS" starttime="20240103 17:14:29.958" endtime="20240103 17:14:32.080"/>
</kw>
<kw name="Verificar se o título da página fica &quot;Group Link - Dashboard&quot;" library="smart_retail_staging" sourcename="Verificar se o título da página fica &quot;${TITULOGROUPLINK}&quot;">
<kw name="Get Title" library="Browser">
<var>${TITULOGROUPLINK}</var>
<arg>==</arg>
<arg>Group Link - Dashboard</arg>
<tag>Assertion</tag>
<tag>Getter</tag>
<tag>PageContent</tag>
<doc>Returns the title of the current page.</doc>
<msg timestamp="20240103 17:14:32.102" level="INFO">Title: 'Group Link - Dashboard'</msg>
<msg timestamp="20240103 17:14:32.102" level="INFO">${TITULOGROUPLINK} = Group Link - Dashboard</msg>
<status status="PASS" starttime="20240103 17:14:32.082" endtime="20240103 17:14:32.102"/>
</kw>
<status status="PASS" starttime="20240103 17:14:32.080" endtime="20240103 17:14:32.102"/>
</kw>
<kw name="Tirar Print" type="TEARDOWN">
<kw name="Take Screenshot" library="Browser">
<tag>PageContent</tag>
<doc>Takes a screenshot of the current window or element and saves it to disk.</doc>
<msg timestamp="20240103 17:14:32.102" level="WARN">Keyword 'Take Screenshot' found both from a custom library 'Browser' and a standard library 'Screenshot'. The custom keyword is used. To select explicitly, and to get rid of this warning, use either 'Browser.Take Screenshot' or 'Screenshot.Take Screenshot'.</msg>
<msg timestamp="20240103 17:14:32.233" level="INFO" html="true">&lt;/td&gt;&lt;/tr&gt;&lt;tr&gt;&lt;td colspan="3"&gt;&lt;a href="browser/screenshot/robotframework-browser-screenshot-1.png" target="_blank"&gt;&lt;img src="browser/screenshot/robotframework-browser-screenshot-1.png" width="800px"/&gt;&lt;/a&gt;</msg>
<status status="PASS" starttime="20240103 17:14:32.102" endtime="20240103 17:14:32.233"/>
</kw>
<status status="PASS" starttime="20240103 17:14:32.102" endtime="20240103 17:14:32.234"/>
</kw>
<tag>Página inicial group link network</tag>
<status status="PASS" starttime="20240103 17:14:20.966" endtime="20240103 17:14:32.234"/>
</test>
<kw name="Close Browser" library="Browser" type="TEARDOWN">
<arg>All</arg>
<tag>BrowserControl</tag>
<tag>Setter</tag>
<doc>Closes the current browser.</doc>
<msg timestamp="20240103 17:14:37.754" level="INFO">Closed all browsers</msg>
<status status="PASS" starttime="20240103 17:14:37.492" endtime="20240103 17:14:37.754"/>
</kw>
<status status="PASS" starttime="20240103 17:14:19.941" endtime="20240103 17:14:37.754"/>
</suite>
<statistics>
<total>
<stat pass="1" fail="0" skip="0">All Tests</stat>
</total>
<tag>
<stat pass="1" fail="0" skip="0">Página inicial group link network</stat>
</tag>
<suite>
<stat pass="1" fail="0" skip="0" id="s1" name="Smart Retail Staging">Smart Retail Staging</stat>
</suite>
</statistics>
<errors>
<msg timestamp="20240103 17:14:32.102" level="WARN">Keyword 'Take Screenshot' found both from a custom library 'Browser' and a standard library 'Screenshot'. The custom keyword is used. To select explicitly, and to get rid of this warning, use either 'Browser.Take Screenshot' or 'Screenshot.Take Screenshot'.</msg>
</errors>
</robot>
