<?xml version="1.0" encoding="UTF-8"?>
<robot generator="Robot 6.1.1 (Python 3.12.0 on win32)" generated="20240320 15:50:34.069" rpa="false" schemaversion="4">
<suite id="s1" name="Dashboard Staging" source="c:\Robot_Test_Smoke_Water\tests\dashboard_staging.robot">
<test id="s1-t1" name="Acessar a home page do site Grouplinknetwork &quot;STAGING&quot;" line="12">
<kw name="Abrir o navegador" library="dashboard_staging">
<kw name="New Browser" library="Browser">
<arg>browser=${BROWSER}</arg>
<arg>headless=${HEADLESS}</arg>
<tag>BrowserControl</tag>
<tag>Setter</tag>
<doc>Create a new playwright Browser with specified options.</doc>
<msg timestamp="20240320 15:50:35.160" level="INFO">{"browser": "chromium", "headless": false, "chromiumSandbox": false, "devtools": false, "handleSIGHUP": true, "handleSIGINT": true, "handleSIGTERM": true, "slowMo": 0.0, "timeout": 30000.0, "tracesDir": "C:\\Robot_Test_Smoke_Water\\browser\\traces\\cf6e927b-8d6f-49ca-b49d-da593b8c6756"}</msg>
<msg timestamp="20240320 15:50:35.492" level="INFO">Successfully created browser with options: {"browser":"chromium","headless":false,"chromiumSandbox":false,"devtools":false,"handleSIGHUP":true,"handleSIGINT":true,"handleSIGTERM":true,"slowMo":0,"timeout":30000,"tracesDir":"C:\\Robot_Test_Smoke_Water\\browser\\traces\\cf6e927b-8d6f-49ca-b49d-da593b8c6756"}</msg>
<status status="PASS" starttime="20240320 15:50:35.141" endtime="20240320 15:50:35.494"/>
</kw>
<kw name="Uuid 4" library="FakerLibrary">
<var>${TRACE_NAME}</var>
<doc>Generate a random UUID4 object and cast it to another type if specified using a callable ``cast_to``.</doc>
<msg timestamp="20240320 15:50:35.494" level="INFO">${TRACE_NAME} = 5fcf6ca4-2ab2-486f-b233-ec9bd8e9aad1</msg>
<status status="PASS" starttime="20240320 15:50:35.494" endtime="20240320 15:50:35.494"/>
</kw>
<kw name="Get Current Date" library="DateTime">
<var>${NOW}</var>
<arg>result_format=%d-%m-%y_%H%m%S</arg>
<doc>Returns current local or UTC time with an optional increment.</doc>
<msg timestamp="20240320 15:50:35.495" level="INFO">${NOW} = 20-03-24_150335</msg>
<status status="PASS" starttime="20240320 15:50:35.494" endtime="20240320 15:50:35.495"/>
</kw>
<kw name="New Context" library="Browser">
<arg>viewport={'width': 1345, 'height': 610}</arg>
<arg>tracing=${OUTPUT_DIR}/evidencies/traces/${NOW}/${TRACE_NAME}.zip</arg>
<tag>BrowserControl</tag>
<tag>Setter</tag>
<doc>Create a new BrowserContext with specified options.</doc>
<msg timestamp="20240320 15:50:35.523" level="INFO">{
  "acceptDownloads": true,
  "bypassCSP": false,
  "forcedColors": "none",
  "ignoreHTTPSErrors": false,
  "javaScriptEnabled": true,
  "offline": false,
  "reducedMotion": "no-preference",
  "serviceWorkers": "allow",
  "tracing": "C:\\Robot_Test_Smoke_Water/evidencies/traces/20-03-24_150335/5fcf6ca4-2ab2-486f-b233-ec9bd8e9aad1.zip",
  "viewport": {
    "height": 610,
    "width": 1345
  }
}</msg>
<msg timestamp="20240320 15:50:35.543" level="INFO">Successfully created context and trace file will be saved to: C:\Robot_Test_Smoke_Water\evidencies\traces\20-03-24_150335\5fcf6ca4-2ab2-486f-b233-ec9bd8e9aad1.zip</msg>
<msg timestamp="20240320 15:50:35.543" level="INFO">{'acceptDownloads': True, 'bypassCSP': False, 'forcedColors': 'none', 'ignoreHTTPSErrors': False, 'javaScriptEnabled': True, 'offline': False, 'reducedMotion': 'no-preference', 'serviceWorkers': 'allow', 'tracing': 'C:\\Robot_Test_Smoke_Water/evidencies/traces/20-03-24_150335/5fcf6ca4-2ab2-486f-b233-ec9bd8e9aad1.zip', 'viewport': {'height': 610, 'width': 1345}, 'trace': {'screenshots': True, 'snapshots': True}}</msg>
<status status="PASS" starttime="20240320 15:50:35.496" endtime="20240320 15:50:35.543"/>
</kw>
<status status="PASS" starttime="20240320 15:50:35.141" endtime="20240320 15:50:35.543"/>
</kw>
<kw name="Ir para o site dashboard group link network" library="dashboard_staging">
<kw name="Set Browser Timeout" library="Browser">
<var>${old_timeout}</var>
<arg>1m 30 seconds</arg>
<tag>Config</tag>
<tag>Setter</tag>
<doc>Sets the timeout used by most input and getter keywords.</doc>
<msg timestamp="20240320 15:50:35.592" level="INFO">Set timeout to: 90000</msg>
<msg timestamp="20240320 15:50:35.592" level="INFO">${old_timeout} = 10 seconds</msg>
<status status="PASS" starttime="20240320 15:50:35.543" endtime="20240320 15:50:35.592"/>
</kw>
<kw name="New Page" library="Browser">
<arg>url=${SITE_DASHBOARD_STAGING}</arg>
<tag>BrowserControl</tag>
<tag>Setter</tag>
<doc>Open a new Page.</doc>
<msg timestamp="20240320 15:50:37.814" level="INFO">Successfully initialized new page object and opened url: https://dashboard-s.grouplinknetwork.com/login</msg>
<status status="PASS" starttime="20240320 15:50:35.592" endtime="20240320 15:50:37.814"/>
</kw>
<kw name="Set Browser Timeout" library="Browser">
<arg>${old_timeout}</arg>
<tag>Config</tag>
<tag>Setter</tag>
<doc>Sets the timeout used by most input and getter keywords.</doc>
<msg timestamp="20240320 15:50:37.822" level="INFO">Set timeout to: 10000</msg>
<status status="PASS" starttime="20240320 15:50:37.815" endtime="20240320 15:50:37.822"/>
</kw>
<status status="PASS" starttime="20240320 15:50:35.543" endtime="20240320 15:50:37.836"/>
</kw>
<kw name="Clicar no &quot;accept cookies policy&quot;" library="dashboard_staging">
<kw name="Click" library="Browser">
<arg>selector=${Get Cookies}</arg>
<tag>PageContent</tag>
<tag>Setter</tag>
<doc>Simulates mouse click on the element found by ``selector``.</doc>
<msg timestamp="20240320 15:50:37.953" level="INFO">Highlighted 1 elements for 2000.</msg>
<status status="PASS" starttime="20240320 15:50:37.839" endtime="20240320 15:50:40.025"/>
</kw>
<status status="PASS" starttime="20240320 15:50:37.837" endtime="20240320 15:50:40.025"/>
</kw>
<kw name="Verificar se o título da página fica &quot;Group Link - Dashboard&quot;" library="dashboard_staging" sourcename="Verificar se o título da página fica &quot;${TITULOGROUPLINK}&quot;">
<kw name="Get Title" library="Browser">
<var>${TITULOGROUPLINK}</var>
<arg>==</arg>
<arg>Group Link - Dashboard</arg>
<tag>Assertion</tag>
<tag>Getter</tag>
<tag>PageContent</tag>
<doc>Returns the title of the current page.</doc>
<msg timestamp="20240320 15:50:40.047" level="INFO">Title: 'Group Link - Dashboard'</msg>
<msg timestamp="20240320 15:50:40.047" level="INFO">${TITULOGROUPLINK} = Group Link - Dashboard</msg>
<status status="PASS" starttime="20240320 15:50:40.026" endtime="20240320 15:50:40.047"/>
</kw>
<status status="PASS" starttime="20240320 15:50:40.026" endtime="20240320 15:50:40.047"/>
</kw>
<kw name="Verificar se aparece a frase &quot;GROUP LINK TM&quot;" library="dashboard_staging">
<kw name="Get Element" library="Browser">
<arg>selector=//h4[contains(.,'Sign in to Group Link')]</arg>
<tag>Getter</tag>
<tag>PageContent</tag>
<doc>Returns a reference to a Playwright [https://playwright.dev/docs/api/class-locator|Locator].</doc>
<msg timestamp="20240320 15:50:40.074" level="INFO">Locator found successfully.</msg>
<status status="PASS" starttime="20240320 15:50:40.048" endtime="20240320 15:50:40.074"/>
</kw>
<status status="PASS" starttime="20240320 15:50:40.048" endtime="20240320 15:50:40.074"/>
</kw>
<kw name="Verificar se aparece a frase &quot;Sign in to Group Link&quot;" library="dashboard_staging">
<kw name="Get Element" library="Browser">
<arg>selector=//h4[contains(.,'Sign in to Group Link')]</arg>
<tag>Getter</tag>
<tag>PageContent</tag>
<doc>Returns a reference to a Playwright [https://playwright.dev/docs/api/class-locator|Locator].</doc>
<msg timestamp="20240320 15:50:40.095" level="INFO">Locator found successfully.</msg>
<status status="PASS" starttime="20240320 15:50:40.074" endtime="20240320 15:50:40.096"/>
</kw>
<status status="PASS" starttime="20240320 15:50:40.074" endtime="20240320 15:50:40.096"/>
</kw>
<kw name="Verificar se aparece a frase &quot;Email&quot;" library="dashboard_staging">
<kw name="Get Element" library="Browser">
<arg>selector=//label[contains(.,'Email')]</arg>
<tag>Getter</tag>
<tag>PageContent</tag>
<doc>Returns a reference to a Playwright [https://playwright.dev/docs/api/class-locator|Locator].</doc>
<msg timestamp="20240320 15:50:40.111" level="INFO">Locator found successfully.</msg>
<status status="PASS" starttime="20240320 15:50:40.097" endtime="20240320 15:50:40.111"/>
</kw>
<status status="PASS" starttime="20240320 15:50:40.096" endtime="20240320 15:50:40.111"/>
</kw>
<kw name="Verificar se aparece a frase &quot;Password&quot;" library="dashboard_staging">
<kw name="Get Element" library="Browser">
<arg>selector=//label[contains(.,'Password')]</arg>
<tag>Getter</tag>
<tag>PageContent</tag>
<doc>Returns a reference to a Playwright [https://playwright.dev/docs/api/class-locator|Locator].</doc>
<msg timestamp="20240320 15:50:40.146" level="INFO">Locator found successfully.</msg>
<status status="PASS" starttime="20240320 15:50:40.111" endtime="20240320 15:50:40.146"/>
</kw>
<status status="PASS" starttime="20240320 15:50:40.111" endtime="20240320 15:50:40.147"/>
</kw>
<kw name="Verificar se aparece a frase &quot;By logging in, you agree to the Terms of Service and our Privacy Policy&quot;" library="dashboard_staging">
<kw name="Get Element" library="Browser">
<arg>selector=//h6[contains(.,'By logging in, you agree to the Terms of Service and our Privacy Policy')]</arg>
<tag>Getter</tag>
<tag>PageContent</tag>
<doc>Returns a reference to a Playwright [https://playwright.dev/docs/api/class-locator|Locator].</doc>
<msg timestamp="20240320 15:50:40.166" level="INFO">Locator found successfully.</msg>
<status status="PASS" starttime="20240320 15:50:40.148" endtime="20240320 15:50:40.166"/>
</kw>
<status status="PASS" starttime="20240320 15:50:40.147" endtime="20240320 15:50:40.167"/>
</kw>
<kw name="Verificar se aparece a frase &quot;© 2021 Group Link™. All rights reserved&quot;" library="dashboard_staging">
<kw name="Get Element" library="Browser">
<arg>selector=//p[contains(.,'© 2021 Group Link™. All rights reserved')]</arg>
<tag>Getter</tag>
<tag>PageContent</tag>
<doc>Returns a reference to a Playwright [https://playwright.dev/docs/api/class-locator|Locator].</doc>
<msg timestamp="20240320 15:50:40.193" level="INFO">Locator found successfully.</msg>
<status status="PASS" starttime="20240320 15:50:40.168" endtime="20240320 15:50:40.193"/>
</kw>
<status status="PASS" starttime="20240320 15:50:40.167" endtime="20240320 15:50:40.193"/>
</kw>
<kw name="Verificar se aparece a frase &quot;need help?&quot;" library="dashboard_staging">
<kw name="Get Element" library="Browser">
<arg>selector=//button[contains(.,'need help?')]</arg>
<tag>Getter</tag>
<tag>PageContent</tag>
<doc>Returns a reference to a Playwright [https://playwright.dev/docs/api/class-locator|Locator].</doc>
<msg timestamp="20240320 15:50:40.215" level="INFO">Locator found successfully.</msg>
<status status="PASS" starttime="20240320 15:50:40.193" endtime="20240320 15:50:40.215"/>
</kw>
<status status="PASS" starttime="20240320 15:50:40.193" endtime="20240320 15:50:40.215"/>
</kw>
<kw name="Verificar se aparece a frase &quot;Forgot Password?&quot;" library="dashboard_staging">
<kw name="Get Element" library="Browser">
<arg>selector=//button[contains(.,'Forgot Password?')]</arg>
<tag>Getter</tag>
<tag>PageContent</tag>
<doc>Returns a reference to a Playwright [https://playwright.dev/docs/api/class-locator|Locator].</doc>
<msg timestamp="20240320 15:50:40.245" level="INFO">Locator found successfully.</msg>
<status status="PASS" starttime="20240320 15:50:40.220" endtime="20240320 15:50:40.245"/>
</kw>
<status status="PASS" starttime="20240320 15:50:40.215" endtime="20240320 15:50:40.245"/>
</kw>
<kw name="Verificar se aparece a frase &quot;log in&quot;" library="dashboard_staging">
<kw name="Get Element" library="Browser">
<arg>selector=//button[contains(.,'log in')]</arg>
<tag>Getter</tag>
<tag>PageContent</tag>
<doc>Returns a reference to a Playwright [https://playwright.dev/docs/api/class-locator|Locator].</doc>
<msg timestamp="20240320 15:50:40.262" level="INFO">Locator found successfully.</msg>
<status status="PASS" starttime="20240320 15:50:40.246" endtime="20240320 15:50:40.262"/>
</kw>
<status status="PASS" starttime="20240320 15:50:40.246" endtime="20240320 15:50:40.262"/>
</kw>
<kw name="Digitar o &quot;Email&quot; no campo Type your email" library="dashboard_staging">
<kw name="Fill Text" library="Browser">
<arg>css=input[type="email"]</arg>
<arg>txt=qa.water@grouplinknetwork.com</arg>
<tag>PageContent</tag>
<tag>Setter</tag>
<doc>Clears and fills the given ``txt`` into the text field found by ``selector``.</doc>
<msg timestamp="20240320 15:50:40.282" level="INFO">Fills the text 'qa.water@grouplinknetwork.com' in the given field.</msg>
<msg timestamp="20240320 15:50:40.359" level="INFO">Highlighted 1 elements for 2000.</msg>
<status status="PASS" starttime="20240320 15:50:40.262" endtime="20240320 15:50:42.409"/>
</kw>
<status status="PASS" starttime="20240320 15:50:40.262" endtime="20240320 15:50:42.409"/>
</kw>
<kw name="Digitar o &quot;Password&quot; no campo Type your passoword" library="dashboard_staging">
<kw name="Fill Text" library="Browser">
<arg>css=input[type="password"]</arg>
<arg>txt=fzveqtsdkukz</arg>
<tag>PageContent</tag>
<tag>Setter</tag>
<doc>Clears and fills the given ``txt`` into the text field found by ``selector``.</doc>
<msg timestamp="20240320 15:50:42.420" level="INFO">Fills the text 'fzveqtsdkukz' in the given field.</msg>
<msg timestamp="20240320 15:50:42.469" level="INFO">Highlighted 1 elements for 2000.</msg>
<status status="PASS" starttime="20240320 15:50:42.409" endtime="20240320 15:50:44.510"/>
</kw>
<status status="PASS" starttime="20240320 15:50:42.409" endtime="20240320 15:50:44.510"/>
</kw>
<kw name="Clicar no botão de &quot;log in&quot;" library="dashboard_staging">
<kw name="Click" library="Browser">
<arg>selector=//button[contains(.,'log in')]</arg>
<tag>PageContent</tag>
<tag>Setter</tag>
<doc>Simulates mouse click on the element found by ``selector``.</doc>
<msg timestamp="20240320 15:50:44.586" level="INFO">Highlighted 1 elements for 2000.</msg>
<status status="PASS" starttime="20240320 15:50:44.510" endtime="20240320 15:50:46.655"/>
</kw>
<status status="PASS" starttime="20240320 15:50:44.510" endtime="20240320 15:50:46.656"/>
</kw>
<kw name="Tirar Print" type="TEARDOWN">
<kw name="Take Screenshot" library="Browser">
<tag>PageContent</tag>
<doc>Takes a screenshot of the current window or element and saves it to disk.</doc>
<msg timestamp="20240320 15:50:46.656" level="WARN">Keyword 'Take Screenshot' found both from a custom library 'Browser' and a standard library 'Screenshot'. The custom keyword is used. To select explicitly, and to get rid of this warning, use either 'Browser.Take Screenshot' or 'Screenshot.Take Screenshot'.</msg>
<msg timestamp="20240320 15:50:46.773" level="INFO" html="true">&lt;/td&gt;&lt;/tr&gt;&lt;tr&gt;&lt;td colspan="3"&gt;&lt;a href="browser/screenshot/robotframework-browser-screenshot-1.png" target="_blank"&gt;&lt;img src="browser/screenshot/robotframework-browser-screenshot-1.png" width="800px"/&gt;&lt;/a&gt;</msg>
<status status="PASS" starttime="20240320 15:50:46.656" endtime="20240320 15:50:46.773"/>
</kw>
<status status="PASS" starttime="20240320 15:50:46.656" endtime="20240320 15:50:46.773"/>
</kw>
<tag>Página inicial group link network</tag>
<status status="PASS" starttime="20240320 15:50:35.138" endtime="20240320 15:50:46.773"/>
</test>
<kw name="Close Browser" library="Browser" type="TEARDOWN">
<arg>All</arg>
<tag>BrowserControl</tag>
<tag>Setter</tag>
<doc>Closes the current browser.</doc>
<msg timestamp="20240320 15:50:52.220" level="INFO">Closed all browsers</msg>
<status status="PASS" starttime="20240320 15:50:52.017" endtime="20240320 15:50:52.220"/>
</kw>
<status status="PASS" starttime="20240320 15:50:34.073" endtime="20240320 15:50:52.221"/>
</suite>
<statistics>
<total>
<stat pass="1" fail="0" skip="0">All Tests</stat>
</total>
<tag>
<stat pass="1" fail="0" skip="0">Página inicial group link network</stat>
</tag>
<suite>
<stat pass="1" fail="0" skip="0" id="s1" name="Dashboard Staging">Dashboard Staging</stat>
</suite>
</statistics>
<errors>
<msg timestamp="20240320 15:50:46.656" level="WARN">Keyword 'Take Screenshot' found both from a custom library 'Browser' and a standard library 'Screenshot'. The custom keyword is used. To select explicitly, and to get rid of this warning, use either 'Browser.Take Screenshot' or 'Screenshot.Take Screenshot'.</msg>
</errors>
</robot>
