<?xml version="1.0" encoding="UTF-8"?>
<robot generator="Robot 6.1.1 (Python 3.12.0 on win32)" generated="20231231 01:49:26.549" rpa="false" schemaversion="4">
<suite id="s1" name="Dashboard Staging" source="c:\Robot_Test_Smoke_Water\tests\dashboard_staging.robot">
<test id="s1-t1" name="Página Event List &quot;STAGING&quot;" line="51">
<kw name="Abrir o navegador" library="dashboard_staging">
<kw name="New Browser" library="Browser">
<arg>browser=${BROWSER}</arg>
<arg>headless=${HEADLESS}</arg>
<tag>BrowserControl</tag>
<tag>Setter</tag>
<doc>Create a new playwright Browser with specified options.</doc>
<msg timestamp="20231231 01:49:27.571" level="INFO">{"browser": "chromium", "headless": false, "chromiumSandbox": false, "devtools": false, "handleSIGHUP": true, "handleSIGINT": true, "handleSIGTERM": true, "slowMo": 0.0, "timeout": 30000.0, "tracesDir": "C:\\Robot_Test_Smoke_Water\\browser\\traces\\16f8299b-6f65-42d5-b326-8df0b4ed3c0a"}</msg>
<msg timestamp="20231231 01:49:27.897" level="INFO">Successfully created browser with options: {"browser":"chromium","headless":false,"chromiumSandbox":false,"devtools":false,"handleSIGHUP":true,"handleSIGINT":true,"handleSIGTERM":true,"slowMo":0,"timeout":30000,"tracesDir":"C:\\Robot_Test_Smoke_Water\\browser\\traces\\16f8299b-6f65-42d5-b326-8df0b4ed3c0a"}</msg>
<status status="PASS" starttime="20231231 01:49:27.555" endtime="20231231 01:49:27.897"/>
</kw>
<kw name="Uuid 4" library="FakerLibrary">
<var>${TRACE_NAME}</var>
<doc>Generate a random UUID4 object and cast it to another type if specified using a callable ``cast_to``.</doc>
<msg timestamp="20231231 01:49:27.906" level="INFO">${TRACE_NAME} = e3d24afe-e0d3-4db5-8288-da91f18ad63c</msg>
<status status="PASS" starttime="20231231 01:49:27.906" endtime="20231231 01:49:27.906"/>
</kw>
<kw name="Get Current Date" library="DateTime">
<var>${NOW}</var>
<arg>result_format=%d-%m-%y_%H%m%S</arg>
<doc>Returns current local or UTC time with an optional increment.</doc>
<msg timestamp="20231231 01:49:27.906" level="INFO">${NOW} = 31-12-23_011227</msg>
<status status="PASS" starttime="20231231 01:49:27.906" endtime="20231231 01:49:27.906"/>
</kw>
<kw name="New Context" library="Browser">
<arg>viewport={'width': 1366, 'height': 768}</arg>
<arg>tracing=${OUTPUT_DIR}/evidencies/traces/${NOW}/${TRACE_NAME}.zip</arg>
<tag>BrowserControl</tag>
<tag>Setter</tag>
<doc>Create a new BrowserContext with specified options.</doc>
<msg timestamp="20231231 01:49:27.951" level="INFO">{
  "acceptDownloads": true,
  "bypassCSP": false,
  "forcedColors": "none",
  "ignoreHTTPSErrors": false,
  "javaScriptEnabled": true,
  "offline": false,
  "reducedMotion": "no-preference",
  "serviceWorkers": "allow",
  "tracing": "C:\\Robot_Test_Smoke_Water/evidencies/traces/31-12-23_011227/e3d24afe-e0d3-4db5-8288-da91f18ad63c.zip",
  "viewport": {
    "height": 768,
    "width": 1366
  }
}</msg>
<msg timestamp="20231231 01:49:27.980" level="INFO">Successfully created context and trace file will be saved to: C:\Robot_Test_Smoke_Water\evidencies\traces\31-12-23_011227\e3d24afe-e0d3-4db5-8288-da91f18ad63c.zip</msg>
<msg timestamp="20231231 01:49:27.980" level="INFO">{'acceptDownloads': True, 'bypassCSP': False, 'forcedColors': 'none', 'ignoreHTTPSErrors': False, 'javaScriptEnabled': True, 'offline': False, 'reducedMotion': 'no-preference', 'serviceWorkers': 'allow', 'tracing': 'C:\\Robot_Test_Smoke_Water/evidencies/traces/31-12-23_011227/e3d24afe-e0d3-4db5-8288-da91f18ad63c.zip', 'viewport': {'height': 768, 'width': 1366}, 'trace': {'screenshots': True, 'snapshots': True}}</msg>
<status status="PASS" starttime="20231231 01:49:27.906" endtime="20231231 01:49:27.980"/>
</kw>
<status status="PASS" starttime="20231231 01:49:27.555" endtime="20231231 01:49:27.980"/>
</kw>
<kw name="Ir para o site dashboard group link network" library="dashboard_staging">
<kw name="Set Browser Timeout" library="Browser">
<var>${old_timeout}</var>
<arg>1m 30 seconds</arg>
<tag>Config</tag>
<tag>Setter</tag>
<doc>Sets the timeout used by most input and getter keywords.</doc>
<msg timestamp="20231231 01:49:27.997" level="INFO">Set timeout to: 90000</msg>
<msg timestamp="20231231 01:49:27.997" level="INFO">${old_timeout} = 10 seconds</msg>
<status status="PASS" starttime="20231231 01:49:27.980" endtime="20231231 01:49:27.997"/>
</kw>
<kw name="New Page" library="Browser">
<arg>url=${SITE_DASHBOARD_STAGING}</arg>
<tag>BrowserControl</tag>
<tag>Setter</tag>
<doc>Open a new Page.</doc>
<msg timestamp="20231231 01:49:31.630" level="INFO">Successfully initialized new page object and opened url: https://dashboard-s.grouplinknetwork.com/login</msg>
<status status="PASS" starttime="20231231 01:49:27.997" endtime="20231231 01:49:31.630"/>
</kw>
<kw name="Set Browser Timeout" library="Browser">
<arg>${old_timeout}</arg>
<tag>Config</tag>
<tag>Setter</tag>
<doc>Sets the timeout used by most input and getter keywords.</doc>
<msg timestamp="20231231 01:49:31.665" level="INFO">Set timeout to: 10000</msg>
<status status="PASS" starttime="20231231 01:49:31.630" endtime="20231231 01:49:31.665"/>
</kw>
<status status="PASS" starttime="20231231 01:49:27.980" endtime="20231231 01:49:31.665"/>
</kw>
<kw name="Clicar no &quot;accept cookies policy&quot;" library="dashboard_staging">
<kw name="Click" library="Browser">
<arg>selector=${Get Cookies}</arg>
<tag>PageContent</tag>
<tag>Setter</tag>
<doc>Simulates mouse click on the element found by ``selector``.</doc>
<msg timestamp="20231231 01:49:31.773" level="INFO">Highlighted 1 elements for 2000.</msg>
<status status="PASS" starttime="20231231 01:49:31.665" endtime="20231231 01:49:33.853"/>
</kw>
<status status="PASS" starttime="20231231 01:49:31.665" endtime="20231231 01:49:33.853"/>
</kw>
<kw name="Digitar o &quot;Email&quot; no campo Type your email" library="dashboard_staging">
<kw name="Fill Text" library="Browser">
<arg>css=input[type="email"]</arg>
<arg>txt=qa.water@grouplinknetwork.com</arg>
<tag>PageContent</tag>
<tag>Setter</tag>
<doc>Clears and fills the given ``txt`` into the text field found by ``selector``.</doc>
<msg timestamp="20231231 01:49:33.867" level="INFO">Fills the text 'qa.water@grouplinknetwork.com' in the given field.</msg>
<msg timestamp="20231231 01:49:33.928" level="INFO">Highlighted 1 elements for 2000.</msg>
<status status="PASS" starttime="20231231 01:49:33.854" endtime="20231231 01:49:35.970"/>
</kw>
<status status="PASS" starttime="20231231 01:49:33.854" endtime="20231231 01:49:35.970"/>
</kw>
<kw name="Digitar o &quot;Password&quot; no campo Type your passoword" library="dashboard_staging">
<kw name="Fill Text" library="Browser">
<arg>css=input[type="password"]</arg>
<arg>txt=fzveqtsdkukz</arg>
<tag>PageContent</tag>
<tag>Setter</tag>
<doc>Clears and fills the given ``txt`` into the text field found by ``selector``.</doc>
<msg timestamp="20231231 01:49:35.992" level="INFO">Fills the text 'fzveqtsdkukz' in the given field.</msg>
<msg timestamp="20231231 01:49:36.069" level="INFO">Highlighted 1 elements for 2000.</msg>
<status status="PASS" starttime="20231231 01:49:35.977" endtime="20231231 01:49:38.136"/>
</kw>
<status status="PASS" starttime="20231231 01:49:35.970" endtime="20231231 01:49:38.136"/>
</kw>
<kw name="Clicar no botão de &quot;log in&quot;" library="dashboard_staging">
<kw name="Click" library="Browser">
<arg>selector=//button[contains(.,'log in')]</arg>
<tag>PageContent</tag>
<tag>Setter</tag>
<doc>Simulates mouse click on the element found by ``selector``.</doc>
<msg timestamp="20231231 01:49:38.250" level="INFO">Highlighted 1 elements for 2000.</msg>
<status status="PASS" starttime="20231231 01:49:38.145" endtime="20231231 01:49:40.330"/>
</kw>
<status status="PASS" starttime="20231231 01:49:38.144" endtime="20231231 01:49:40.330"/>
</kw>
<kw name="Selecionar o &quot;GL Utilities Event List&quot;" library="dashboard_staging">
<kw name="Click" library="Browser">
<arg>selector=//button[contains(.,'Events')]</arg>
<tag>PageContent</tag>
<tag>Setter</tag>
<doc>Simulates mouse click on the element found by ``selector``.</doc>
<msg timestamp="20231231 01:49:41.863" level="INFO">Highlighted 1 elements for 2000.</msg>
<status status="PASS" starttime="20231231 01:49:40.330" endtime="20231231 01:49:44.407"/>
</kw>
<kw name="Get Element" library="Browser">
<arg>(//span[@class='eventList_title__n6WMO'][contains(.,'Event List')])[1]</arg>
<tag>Getter</tag>
<tag>PageContent</tag>
<doc>Returns a reference to a Playwright [https://playwright.dev/docs/api/class-locator|Locator].</doc>
<msg timestamp="20231231 01:49:44.612" level="INFO">Locator found successfully.</msg>
<status status="PASS" starttime="20231231 01:49:44.407" endtime="20231231 01:49:44.612"/>
</kw>
<kw name="Click" library="Browser">
<arg>selector=//button[@data-cy='dropDownButton-select-columns'][contains(.,'SelectedAll')]</arg>
<tag>PageContent</tag>
<tag>Setter</tag>
<doc>Simulates mouse click on the element found by ``selector``.</doc>
<msg timestamp="20231231 01:49:48.581" level="INFO">Highlighted 1 elements for 2000.</msg>
<status status="PASS" starttime="20231231 01:49:44.613" endtime="20231231 01:49:50.678"/>
</kw>
<kw name="Click" library="Browser">
<arg>//label[@for='All'][contains(.,'All')]</arg>
<tag>PageContent</tag>
<tag>Setter</tag>
<doc>Simulates mouse click on the element found by ``selector``.</doc>
<msg timestamp="20231231 01:49:50.802" level="INFO">Highlighted 1 elements for 2000.</msg>
<status status="PASS" starttime="20231231 01:49:50.679" endtime="20231231 01:49:52.950"/>
</kw>
<kw name="Click" library="Browser">
<arg>//label[@for='delta-2'][contains(.,'Delta')]</arg>
<tag>PageContent</tag>
<tag>Setter</tag>
<doc>Simulates mouse click on the element found by ``selector``.</doc>
<msg timestamp="20231231 01:49:53.065" level="INFO">Highlighted 1 elements for 2000.</msg>
<status status="PASS" starttime="20231231 01:49:52.951" endtime="20231231 01:49:55.117"/>
</kw>
<kw name="Click" library="Browser">
<arg>//label[@for='deviceId-3'][contains(.,'Device ID')]</arg>
<tag>PageContent</tag>
<tag>Setter</tag>
<doc>Simulates mouse click on the element found by ``selector``.</doc>
<msg timestamp="20231231 01:49:55.196" level="INFO">Highlighted 1 elements for 2000.</msg>
<status status="PASS" starttime="20231231 01:49:55.117" endtime="20231231 01:49:57.304"/>
</kw>
<kw name="Click" library="Browser">
<arg>//label[@for='liters-5'][contains(.,'Volume')]</arg>
<tag>PageContent</tag>
<tag>Setter</tag>
<doc>Simulates mouse click on the element found by ``selector``.</doc>
<msg timestamp="20231231 01:49:57.414" level="INFO">Highlighted 1 elements for 2000.</msg>
<status status="PASS" starttime="20231231 01:49:57.305" endtime="20231231 01:49:59.504"/>
</kw>
<kw name="Click" library="Browser">
<arg>(//button[@class='refreshSelector_dropdown__iYwtB'][contains(.,'Off')])[1]</arg>
<tag>PageContent</tag>
<tag>Setter</tag>
<doc>Simulates mouse click on the element found by ``selector``.</doc>
<msg timestamp="20231231 01:49:59.603" level="INFO">Highlighted 1 elements for 2000.</msg>
<status status="PASS" starttime="20231231 01:49:59.504" endtime="20231231 01:50:01.689"/>
</kw>
<kw name="Click" library="Browser">
<arg>//button[@class='refreshSelector_dropOption__9KRbw'][contains(.,'30 sec')]</arg>
<tag>PageContent</tag>
<tag>Setter</tag>
<doc>Simulates mouse click on the element found by ``selector``.</doc>
<msg timestamp="20231231 01:50:01.848" level="INFO">Highlighted 1 elements for 2000.</msg>
<status status="PASS" starttime="20231231 01:50:01.689" endtime="20231231 01:50:03.963"/>
</kw>
<kw name="Click" library="Browser">
<arg>(//button[@class='eventDateCard_dateButton__yTXz5'][contains(.,'Last 30 minutes')])[1]</arg>
<tag>PageContent</tag>
<tag>Setter</tag>
<doc>Simulates mouse click on the element found by ``selector``.</doc>
<msg timestamp="20231231 01:50:04.070" level="INFO">Highlighted 1 elements for 2000.</msg>
<status status="PASS" starttime="20231231 01:50:03.963" endtime="20231231 01:50:06.120"/>
</kw>
<kw name="Click" library="Browser">
<arg>(//button[contains(.,'apply date range')])[1]</arg>
<tag>PageContent</tag>
<tag>Setter</tag>
<doc>Simulates mouse click on the element found by ``selector``.</doc>
<msg timestamp="20231231 01:50:06.212" level="INFO">Highlighted 1 elements for 2000.</msg>
<status status="PASS" starttime="20231231 01:50:06.120" endtime="20231231 01:50:08.303"/>
</kw>
<kw name="Click" library="Browser">
<arg>(//button[contains(.,'Last 5 minutes')])[1]</arg>
<tag>PageContent</tag>
<tag>Setter</tag>
<doc>Simulates mouse click on the element found by ``selector``.</doc>
<msg timestamp="20231231 01:50:08.402" level="INFO">Highlighted 1 elements for 2000.</msg>
<status status="PASS" starttime="20231231 01:50:08.304" endtime="20231231 01:50:10.555"/>
</kw>
<status status="PASS" starttime="20231231 01:49:40.330" endtime="20231231 01:50:10.556"/>
</kw>
<kw name="Tirar Print" type="TEARDOWN">
<kw name="Take Screenshot" library="Browser">
<tag>PageContent</tag>
<doc>Takes a screenshot of the current window or element and saves it to disk.</doc>
<msg timestamp="20231231 01:50:10.557" level="WARN">Keyword 'Take Screenshot' found both from a custom library 'Browser' and a standard library 'Screenshot'. The custom keyword is used. To select explicitly, and to get rid of this warning, use either 'Browser.Take Screenshot' or 'Screenshot.Take Screenshot'.</msg>
<msg timestamp="20231231 01:50:10.795" level="INFO" html="true">&lt;/td&gt;&lt;/tr&gt;&lt;tr&gt;&lt;td colspan="3"&gt;&lt;a href="browser/screenshot/robotframework-browser-screenshot-1.png" target="_blank"&gt;&lt;img src="browser/screenshot/robotframework-browser-screenshot-1.png" width="800px"/&gt;&lt;/a&gt;</msg>
<status status="PASS" starttime="20231231 01:50:10.557" endtime="20231231 01:50:10.796"/>
</kw>
<status status="PASS" starttime="20231231 01:50:10.557" endtime="20231231 01:50:10.796"/>
</kw>
<tag>Tela Event List</tag>
<status status="PASS" starttime="20231231 01:49:27.555" endtime="20231231 01:50:10.797"/>
</test>
<kw name="Close Browser" library="Browser" type="TEARDOWN">
<arg>All</arg>
<tag>BrowserControl</tag>
<tag>Setter</tag>
<doc>Closes the current browser.</doc>
<msg timestamp="20231231 01:50:16.689" level="INFO">Closed all browsers</msg>
<status status="PASS" starttime="20231231 01:50:16.480" endtime="20231231 01:50:16.689"/>
</kw>
<status status="PASS" starttime="20231231 01:49:26.553" endtime="20231231 01:50:16.689"/>
</suite>
<statistics>
<total>
<stat pass="1" fail="0" skip="0">All Tests</stat>
</total>
<tag>
<stat pass="1" fail="0" skip="0">Tela Event List</stat>
</tag>
<suite>
<stat pass="1" fail="0" skip="0" id="s1" name="Dashboard Staging">Dashboard Staging</stat>
</suite>
</statistics>
<errors>
<msg timestamp="20231231 01:50:10.557" level="WARN">Keyword 'Take Screenshot' found both from a custom library 'Browser' and a standard library 'Screenshot'. The custom keyword is used. To select explicitly, and to get rid of this warning, use either 'Browser.Take Screenshot' or 'Screenshot.Take Screenshot'.</msg>
</errors>
</robot>
