<?xml version="1.0" encoding="UTF-8"?>
<robot generator="Robot 6.1.1 (Python 3.12.0 on win32)" generated="20240104 16:05:06.285" rpa="false" schemaversion="4">
<suite id="s1" name="Smart Retail Staging" source="c:\Robot_Test_Smoke_Water\tests\smart_retail_staging.robot">
<test id="s1-t1" name="Login com sucesso GL Smart Retail &quot;STAGING&quot;" line="22">
<kw name="Abrir o navegador" library="smart_retail_staging">
<kw name="New Browser" library="Browser">
<arg>browser=${BROWSER}</arg>
<arg>headless=${HEADLESS}</arg>
<tag>BrowserControl</tag>
<tag>Setter</tag>
<doc>Create a new playwright Browser with specified options.</doc>
<msg timestamp="20240104 16:05:07.370" level="INFO">{"browser": "chromium", "headless": false, "chromiumSandbox": false, "devtools": false, "handleSIGHUP": true, "handleSIGINT": true, "handleSIGTERM": true, "slowMo": 0.0, "timeout": 30000.0, "tracesDir": "C:\\Robot_Test_Smoke_Water\\browser\\traces\\17b056e5-df68-4a03-bceb-58674598af67"}</msg>
<msg timestamp="20240104 16:05:07.757" level="INFO">Successfully created browser with options: {"browser":"chromium","headless":false,"chromiumSandbox":false,"devtools":false,"handleSIGHUP":true,"handleSIGINT":true,"handleSIGTERM":true,"slowMo":0,"timeout":30000,"tracesDir":"C:\\Robot_Test_Smoke_Water\\browser\\traces\\17b056e5-df68-4a03-bceb-58674598af67"}</msg>
<status status="PASS" starttime="20240104 16:05:07.353" endtime="20240104 16:05:07.757"/>
</kw>
<kw name="Uuid 4" library="FakerLibrary">
<var>${TRACE_NAME}</var>
<doc>Generate a random UUID4 object and cast it to another type if specified using a callable ``cast_to``.</doc>
<msg timestamp="20240104 16:05:07.757" level="INFO">${TRACE_NAME} = b9df518f-0ad9-4b01-93dc-6d673a9bf633</msg>
<status status="PASS" starttime="20240104 16:05:07.757" endtime="20240104 16:05:07.757"/>
</kw>
<kw name="Get Current Date" library="DateTime">
<var>${NOW}</var>
<arg>result_format=%d-%m-%y_%H%m%S</arg>
<doc>Returns current local or UTC time with an optional increment.</doc>
<msg timestamp="20240104 16:05:07.757" level="INFO">${NOW} = 04-01-24_160107</msg>
<status status="PASS" starttime="20240104 16:05:07.757" endtime="20240104 16:05:07.757"/>
</kw>
<kw name="New Context" library="Browser">
<arg>viewport={'width': 1345, 'height': 610}</arg>
<arg>tracing=${OUTPUT_DIR}/evidencies/traces/${NOW}/${TRACE_NAME}.zip</arg>
<tag>BrowserControl</tag>
<tag>Setter</tag>
<doc>Create a new BrowserContext with specified options.</doc>
<msg timestamp="20240104 16:05:07.793" level="INFO">{
  "acceptDownloads": true,
  "bypassCSP": false,
  "forcedColors": "none",
  "ignoreHTTPSErrors": false,
  "javaScriptEnabled": true,
  "offline": false,
  "reducedMotion": "no-preference",
  "serviceWorkers": "allow",
  "tracing": "C:\\Robot_Test_Smoke_Water/evidencies/traces/04-01-24_160107/b9df518f-0ad9-4b01-93dc-6d673a9bf633.zip",
  "viewport": {
    "height": 610,
    "width": 1345
  }
}</msg>
<msg timestamp="20240104 16:05:07.805" level="INFO">Successfully created context and trace file will be saved to: C:\Robot_Test_Smoke_Water\evidencies\traces\04-01-24_160107\b9df518f-0ad9-4b01-93dc-6d673a9bf633.zip</msg>
<msg timestamp="20240104 16:05:07.805" level="INFO">{'acceptDownloads': True, 'bypassCSP': False, 'forcedColors': 'none', 'ignoreHTTPSErrors': False, 'javaScriptEnabled': True, 'offline': False, 'reducedMotion': 'no-preference', 'serviceWorkers': 'allow', 'tracing': 'C:\\Robot_Test_Smoke_Water/evidencies/traces/04-01-24_160107/b9df518f-0ad9-4b01-93dc-6d673a9bf633.zip', 'viewport': {'height': 610, 'width': 1345}, 'trace': {'screenshots': True, 'snapshots': True}}</msg>
<status status="PASS" starttime="20240104 16:05:07.757" endtime="20240104 16:05:07.805"/>
</kw>
<status status="PASS" starttime="20240104 16:05:07.353" endtime="20240104 16:05:07.805"/>
</kw>
<kw name="Ir para o site dashboard group link network" library="smart_retail_staging">
<kw name="Set Browser Timeout" library="Browser">
<var>${old_timeout}</var>
<arg>1m 30 seconds</arg>
<tag>Config</tag>
<tag>Setter</tag>
<doc>Sets the timeout used by most input and getter keywords.</doc>
<msg timestamp="20240104 16:05:07.835" level="INFO">Set timeout to: 90000</msg>
<msg timestamp="20240104 16:05:07.836" level="INFO">${old_timeout} = 10 seconds</msg>
<status status="PASS" starttime="20240104 16:05:07.805" endtime="20240104 16:05:07.837"/>
</kw>
<kw name="New Page" library="Browser">
<arg>url=${SITE_DASHBOARD_STAGING}</arg>
<tag>BrowserControl</tag>
<tag>Setter</tag>
<doc>Open a new Page.</doc>
<msg timestamp="20240104 16:05:09.893" level="INFO">Successfully initialized new page object and opened url: https://dashboard-s.grouplinknetwork.com/login</msg>
<status status="PASS" starttime="20240104 16:05:07.837" endtime="20240104 16:05:09.894"/>
</kw>
<kw name="Set Browser Timeout" library="Browser">
<arg>${old_timeout}</arg>
<tag>Config</tag>
<tag>Setter</tag>
<doc>Sets the timeout used by most input and getter keywords.</doc>
<msg timestamp="20240104 16:05:09.925" level="INFO">Set timeout to: 10000</msg>
<status status="PASS" starttime="20240104 16:05:09.894" endtime="20240104 16:05:09.925"/>
</kw>
<status status="PASS" starttime="20240104 16:05:07.805" endtime="20240104 16:05:09.925"/>
</kw>
<kw name="Clicar no &quot;accept cookies policy&quot;" library="smart_retail_staging">
<kw name="Click" library="Browser">
<arg>selector=${Get Cookies}</arg>
<tag>PageContent</tag>
<tag>Setter</tag>
<doc>Simulates mouse click on the element found by ``selector``.</doc>
<msg timestamp="20240104 16:05:10.041" level="INFO">Highlighted 1 elements for 2000.</msg>
<status status="PASS" starttime="20240104 16:05:09.925" endtime="20240104 16:05:12.126"/>
</kw>
<status status="PASS" starttime="20240104 16:05:09.925" endtime="20240104 16:05:12.126"/>
</kw>
<kw name="Digitar o &quot;Email&quot; no campo Type your email" library="smart_retail_staging">
<kw name="Fill Text" library="Browser">
<arg>css=input[type="email"]</arg>
<arg>txt=qa.smart@grouplinknetwork.com</arg>
<tag>PageContent</tag>
<tag>Setter</tag>
<doc>Clears and fills the given ``txt`` into the text field found by ``selector``.</doc>
<msg timestamp="20240104 16:05:12.136" level="INFO">Fills the text 'qa.smart@grouplinknetwork.com' in the given field.</msg>
<msg timestamp="20240104 16:05:12.185" level="INFO">Highlighted 1 elements for 2000.</msg>
<status status="PASS" starttime="20240104 16:05:12.127" endtime="20240104 16:05:14.238"/>
</kw>
<status status="PASS" starttime="20240104 16:05:12.127" endtime="20240104 16:05:14.238"/>
</kw>
<kw name="Digitar o &quot;Password&quot; no campo Type your passoword" library="smart_retail_staging">
<kw name="Fill Text" library="Browser">
<arg>css=input[type="password"]</arg>
<arg>txt=fzveqtsdkukz</arg>
<tag>PageContent</tag>
<tag>Setter</tag>
<doc>Clears and fills the given ``txt`` into the text field found by ``selector``.</doc>
<msg timestamp="20240104 16:05:14.253" level="INFO">Fills the text 'fzveqtsdkukz' in the given field.</msg>
<msg timestamp="20240104 16:05:14.321" level="INFO">Highlighted 1 elements for 2000.</msg>
<status status="PASS" starttime="20240104 16:05:14.239" endtime="20240104 16:05:16.376"/>
</kw>
<status status="PASS" starttime="20240104 16:05:14.239" endtime="20240104 16:05:16.376"/>
</kw>
<kw name="Clicar no botão de &quot;log in&quot;" library="smart_retail_staging">
<kw name="Click" library="Browser">
<arg>selector=//button[contains(.,'log in')]</arg>
<tag>PageContent</tag>
<tag>Setter</tag>
<doc>Simulates mouse click on the element found by ``selector``.</doc>
<msg timestamp="20240104 16:05:16.438" level="INFO">Highlighted 1 elements for 2000.</msg>
<status status="PASS" starttime="20240104 16:05:16.376" endtime="20240104 16:05:18.502"/>
</kw>
<status status="PASS" starttime="20240104 16:05:16.376" endtime="20240104 16:05:18.502"/>
</kw>
<kw name="Verificar se o login é &quot;Smart Retail&quot;" library="smart_retail_staging">
<kw name="Click" library="Browser">
<arg>selector=//div[@class='MuiAvatar-root MuiAvatar-circular MuiAvatar-colorDefault css-1ywl3ov']</arg>
<tag>PageContent</tag>
<tag>Setter</tag>
<doc>Simulates mouse click on the element found by ``selector``.</doc>
<msg timestamp="20240104 16:05:19.986" level="INFO">Highlighted 1 elements for 2000.</msg>
<status status="PASS" starttime="20240104 16:05:18.504" endtime="20240104 16:05:22.054"/>
</kw>
<kw name="Get Element" library="Browser">
<arg>selector=//h6[contains(.,'qa.smart@grouplinknetwork.com')]</arg>
<tag>Getter</tag>
<tag>PageContent</tag>
<doc>Returns a reference to a Playwright [https://playwright.dev/docs/api/class-locator|Locator].</doc>
<msg timestamp="20240104 16:05:22.085" level="INFO">Locator found successfully.</msg>
<status status="PASS" starttime="20240104 16:05:22.054" endtime="20240104 16:05:22.085"/>
</kw>
<kw name="Get Element" library="Browser">
<arg>selector=//h5[contains(.,'QA Group Link Smart')]</arg>
<tag>Getter</tag>
<tag>PageContent</tag>
<doc>Returns a reference to a Playwright [https://playwright.dev/docs/api/class-locator|Locator].</doc>
<msg timestamp="20240104 16:05:22.110" level="INFO">Locator found successfully.</msg>
<status status="PASS" starttime="20240104 16:05:22.085" endtime="20240104 16:05:22.110"/>
</kw>
<kw name="Get Element" library="Browser">
<arg>selector=//li[contains(.,'Profile')]</arg>
<tag>Getter</tag>
<tag>PageContent</tag>
<doc>Returns a reference to a Playwright [https://playwright.dev/docs/api/class-locator|Locator].</doc>
<msg timestamp="20240104 16:05:22.139" level="INFO">Locator found successfully.</msg>
<status status="PASS" starttime="20240104 16:05:22.110" endtime="20240104 16:05:22.139"/>
</kw>
<kw name="Get Element" library="Browser">
<arg>selector=//div[@class='MuiAvatar-root MuiAvatar-circular MuiAvatar-colorDefault css-uxt7gp']</arg>
<tag>Getter</tag>
<tag>PageContent</tag>
<doc>Returns a reference to a Playwright [https://playwright.dev/docs/api/class-locator|Locator].</doc>
<msg timestamp="20240104 16:05:22.174" level="INFO">Locator found successfully.</msg>
<status status="PASS" starttime="20240104 16:05:22.139" endtime="20240104 16:05:22.174"/>
</kw>
<kw name="Get Element" library="Browser">
<arg>selector=//span[contains(.,'Message Center')]</arg>
<tag>Getter</tag>
<tag>PageContent</tag>
<doc>Returns a reference to a Playwright [https://playwright.dev/docs/api/class-locator|Locator].</doc>
<msg timestamp="20240104 16:05:22.191" level="INFO">Locator found successfully.</msg>
<status status="PASS" starttime="20240104 16:05:22.174" endtime="20240104 16:05:22.191"/>
</kw>
<kw name="Get Element" library="Browser">
<arg>selector=//span[contains(.,'Online campaigns')]</arg>
<tag>Getter</tag>
<tag>PageContent</tag>
<doc>Returns a reference to a Playwright [https://playwright.dev/docs/api/class-locator|Locator].</doc>
<msg timestamp="20240104 16:05:22.228" level="INFO">Locator found successfully.</msg>
<status status="PASS" starttime="20240104 16:05:22.191" endtime="20240104 16:05:22.228"/>
</kw>
<kw name="Get Element States" library="Browser">
<arg>//button[contains(.,'create campaign')]</arg>
<arg>validate</arg>
<arg>value &amp; visible</arg>
<tag>Assertion</tag>
<tag>Getter</tag>
<tag>PageContent</tag>
<doc>Get the active states from the element found by ``selector``.</doc>
<msg timestamp="20240104 16:05:22.327" level="INFO">States are: ['attached', 'visible', 'enabled', 'editable', 'defocused']</msg>
<status status="PASS" starttime="20240104 16:05:22.228" endtime="20240104 16:05:22.327"/>
</kw>
<kw name="Get Element" library="Browser">
<arg>selector=//div[contains(@class,'afJCn gl-send-message')]</arg>
<tag>Getter</tag>
<tag>PageContent</tag>
<doc>Returns a reference to a Playwright [https://playwright.dev/docs/api/class-locator|Locator].</doc>
<msg timestamp="20240104 16:05:22.358" level="INFO">Locator found successfully.</msg>
<status status="PASS" starttime="20240104 16:05:22.327" endtime="20240104 16:05:22.358"/>
</kw>
<kw name="Get Element" library="Browser">
<arg>selector=//div[contains(@class,'lTRrl')]</arg>
<tag>Getter</tag>
<tag>PageContent</tag>
<doc>Returns a reference to a Playwright [https://playwright.dev/docs/api/class-locator|Locator].</doc>
<msg timestamp="20240104 16:05:22.406" level="INFO">Locator found successfully.</msg>
<status status="PASS" starttime="20240104 16:05:22.358" endtime="20240104 16:05:22.406"/>
</kw>
<kw name="Get Element" library="Browser">
<arg>selector=//div[contains(@class,'KqNQt')]</arg>
<tag>Getter</tag>
<tag>PageContent</tag>
<doc>Returns a reference to a Playwright [https://playwright.dev/docs/api/class-locator|Locator].</doc>
<msg timestamp="20240104 16:05:22.440" level="INFO">Locator found successfully.</msg>
<status status="PASS" starttime="20240104 16:05:22.406" endtime="20240104 16:05:22.440"/>
</kw>
<kw name="Get Element States" library="Browser">
<arg>//button[contains(.,'here')]</arg>
<arg>validate</arg>
<arg>value &amp; visible</arg>
<tag>Assertion</tag>
<tag>Getter</tag>
<tag>PageContent</tag>
<doc>Get the active states from the element found by ``selector``.</doc>
<msg timestamp="20240104 16:05:22.540" level="INFO">States are: ['attached', 'visible', 'enabled', 'editable', 'defocused']</msg>
<status status="PASS" starttime="20240104 16:05:22.440" endtime="20240104 16:05:22.540"/>
</kw>
<kw name="Get Element" library="Browser">
<arg>selector=//span[contains(.,'© 2024 Group Link™. All rights reserved')]</arg>
<tag>Getter</tag>
<tag>PageContent</tag>
<doc>Returns a reference to a Playwright [https://playwright.dev/docs/api/class-locator|Locator].</doc>
<msg timestamp="20240104 16:05:22.571" level="INFO">Locator found successfully.</msg>
<status status="PASS" starttime="20240104 16:05:22.540" endtime="20240104 16:05:22.572"/>
</kw>
<kw name="Get Element" library="Browser">
<arg>selector=//a[contains(.,'Privacy')]</arg>
<tag>Getter</tag>
<tag>PageContent</tag>
<doc>Returns a reference to a Playwright [https://playwright.dev/docs/api/class-locator|Locator].</doc>
<msg timestamp="20240104 16:05:22.590" level="INFO">Locator found successfully.</msg>
<status status="PASS" starttime="20240104 16:05:22.573" endtime="20240104 16:05:22.590"/>
</kw>
<kw name="Get Element" library="Browser">
<arg>selector=//a[contains(.,'Terms')]</arg>
<tag>Getter</tag>
<tag>PageContent</tag>
<doc>Returns a reference to a Playwright [https://playwright.dev/docs/api/class-locator|Locator].</doc>
<msg timestamp="20240104 16:05:22.622" level="INFO">Locator found successfully.</msg>
<status status="PASS" starttime="20240104 16:05:22.590" endtime="20240104 16:05:22.623"/>
</kw>
<status status="PASS" starttime="20240104 16:05:18.503" endtime="20240104 16:05:22.624"/>
</kw>
<kw name="Tirar Print" type="TEARDOWN">
<kw name="Take Screenshot" library="Browser">
<tag>PageContent</tag>
<doc>Takes a screenshot of the current window or element and saves it to disk.</doc>
<msg timestamp="20240104 16:05:22.624" level="WARN">Keyword 'Take Screenshot' found both from a custom library 'Browser' and a standard library 'Screenshot'. The custom keyword is used. To select explicitly, and to get rid of this warning, use either 'Browser.Take Screenshot' or 'Screenshot.Take Screenshot'.</msg>
<msg timestamp="20240104 16:05:22.780" level="INFO" html="true">&lt;/td&gt;&lt;/tr&gt;&lt;tr&gt;&lt;td colspan="3"&gt;&lt;a href="browser/screenshot/robotframework-browser-screenshot-1.png" target="_blank"&gt;&lt;img src="browser/screenshot/robotframework-browser-screenshot-1.png" width="800px"/&gt;&lt;/a&gt;</msg>
<status status="PASS" starttime="20240104 16:05:22.624" endtime="20240104 16:05:22.780"/>
</kw>
<status status="PASS" starttime="20240104 16:05:22.624" endtime="20240104 16:05:22.780"/>
</kw>
<tag>Logado na página Group Link Network</tag>
<status status="PASS" starttime="20240104 16:05:07.353" endtime="20240104 16:05:22.781"/>
</test>
<kw name="Close Browser" library="Browser" type="TEARDOWN">
<arg>All</arg>
<tag>BrowserControl</tag>
<tag>Setter</tag>
<doc>Closes the current browser.</doc>
<msg timestamp="20240104 16:05:28.213" level="INFO">Closed all browsers</msg>
<status status="PASS" starttime="20240104 16:05:27.992" endtime="20240104 16:05:28.213"/>
</kw>
<status status="PASS" starttime="20240104 16:05:06.289" endtime="20240104 16:05:28.213"/>
</suite>
<statistics>
<total>
<stat pass="1" fail="0" skip="0">All Tests</stat>
</total>
<tag>
<stat pass="1" fail="0" skip="0">Logado na página Group Link Network</stat>
</tag>
<suite>
<stat pass="1" fail="0" skip="0" id="s1" name="Smart Retail Staging">Smart Retail Staging</stat>
</suite>
</statistics>
<errors>
<msg timestamp="20240104 16:05:22.624" level="WARN">Keyword 'Take Screenshot' found both from a custom library 'Browser' and a standard library 'Screenshot'. The custom keyword is used. To select explicitly, and to get rid of this warning, use either 'Browser.Take Screenshot' or 'Screenshot.Take Screenshot'.</msg>
</errors>
</robot>
